2022-12-06 07:49:19.240  INFO 17069 --- [restartedMain] c.t.springboot.SpringbootApplication     : Starting SpringbootApplication using Java 11.0.17 on MacBook-Air.lan with PID 17069 (/Users/therealdee_k/Java Class Example/springboot/target/classes started by therealdee_k in /Users/therealdee_k/Java Class Example/springboot)
2022-12-06 07:49:19.243 DEBUG 17069 --- [restartedMain] c.t.springboot.SpringbootApplication     : Running with Spring Boot v2.7.5, Spring v5.3.23
2022-12-06 07:49:19.243  INFO 17069 --- [restartedMain] c.t.springboot.SpringbootApplication     : No active profile set, falling back to 1 default profile: "default"
2022-12-06 07:49:19.271  INFO 17069 --- [restartedMain] .e.DevToolsPropertyDefaultsPostProcessor : Devtools property defaults active! Set 'spring.devtools.add-properties' to 'false' to disable
2022-12-06 07:49:19.271  INFO 17069 --- [restartedMain] .e.DevToolsPropertyDefaultsPostProcessor : For additional web related logging consider setting the 'logging.level.web' property to 'DEBUG'
2022-12-06 07:49:19.638  INFO 17069 --- [restartedMain] .s.d.r.c.RepositoryConfigurationDelegate : Bootstrapping Spring Data JPA repositories in DEFAULT mode.
2022-12-06 07:49:19.665  INFO 17069 --- [restartedMain] .s.d.r.c.RepositoryConfigurationDelegate : Finished Spring Data repository scanning in 22 ms. Found 3 JPA repository interfaces.
2022-12-06 07:49:20.042  INFO 17069 --- [restartedMain] o.s.b.w.embedded.tomcat.TomcatWebServer  : Tomcat initialized with port(s): 8080 (http)
2022-12-06 07:49:20.049  INFO 17069 --- [restartedMain] o.apache.catalina.core.StandardService   : Starting service [Tomcat]
2022-12-06 07:49:20.049  INFO 17069 --- [restartedMain] org.apache.catalina.core.StandardEngine  : Starting Servlet engine: [Apache Tomcat/9.0.68]
2022-12-06 07:49:20.177  INFO 17069 --- [restartedMain] org.apache.jasper.servlet.TldScanner     : At least one JAR was scanned for TLDs yet contained no TLDs. Enable debug logging for this logger for a complete list of JARs that were scanned but no TLDs were found in them. Skipping unneeded JARs during scanning can improve startup time and JSP compilation time.
2022-12-06 07:49:20.184  INFO 17069 --- [restartedMain] o.a.c.c.C.[Tomcat].[localhost].[/]       : Initializing Spring embedded WebApplicationContext
2022-12-06 07:49:20.184  INFO 17069 --- [restartedMain] w.s.c.ServletWebServerApplicationContext : Root WebApplicationContext: initialization completed in 913 ms
2022-12-06 07:49:20.275  INFO 17069 --- [restartedMain] o.hibernate.jpa.internal.util.LogHelper  : HHH000204: Processing PersistenceUnitInfo [name: default]
2022-12-06 07:49:20.312  INFO 17069 --- [restartedMain] org.hibernate.Version                    : HHH000412: Hibernate ORM core version 5.6.12.Final
2022-12-06 07:49:20.403  INFO 17069 --- [restartedMain] o.hibernate.annotations.common.Version   : HCANN000001: Hibernate Commons Annotations {5.1.2.Final}
2022-12-06 07:49:20.452  INFO 17069 --- [restartedMain] com.zaxxer.hikari.HikariDataSource       : HikariPool-1 - Starting...
2022-12-06 07:49:20.708  INFO 17069 --- [restartedMain] com.zaxxer.hikari.HikariDataSource       : HikariPool-1 - Start completed.
2022-12-06 07:49:20.718  INFO 17069 --- [restartedMain] org.hibernate.dialect.Dialect            : HHH000400: Using dialect: org.hibernate.dialect.MySQLDialect
2022-12-06 07:49:21.092  INFO 17069 --- [restartedMain] o.h.e.t.j.p.i.JtaPlatformInitiator       : HHH000490: Using JtaPlatform implementation: [org.hibernate.engine.transaction.jta.platform.internal.NoJtaPlatform]
2022-12-06 07:49:21.097  INFO 17069 --- [restartedMain] j.LocalContainerEntityManagerFactoryBean : Initialized JPA EntityManagerFactory for persistence unit 'default'
2022-12-06 07:49:21.118  WARN 17069 --- [restartedMain] JpaBaseConfiguration$JpaWebConfiguration : spring.jpa.open-in-view is enabled by default. Therefore, database queries may be performed during view rendering. Explicitly configure spring.jpa.open-in-view to disable this warning
2022-12-06 07:49:21.408  WARN 17069 --- [restartedMain] ConfigServletWebServerApplicationContext : Exception encountered during context initialization - cancelling refresh attempt: org.springframework.beans.factory.UnsatisfiedDependencyException: Error creating bean with name 'indexController': Unsatisfied dependency expressed through field 'authService'; nested exception is org.springframework.beans.factory.NoSuchBeanDefinitionException: No qualifying bean of type 'security.AuthenticatedUserService' available: expected at least 1 bean which qualifies as autowire candidate. Dependency annotations: {@org.springframework.beans.factory.annotation.Autowired(required=true)}
2022-12-06 07:49:21.408  INFO 17069 --- [restartedMain] j.LocalContainerEntityManagerFactoryBean : Closing JPA EntityManagerFactory for persistence unit 'default'
2022-12-06 07:49:21.409  INFO 17069 --- [restartedMain] com.zaxxer.hikari.HikariDataSource       : HikariPool-1 - Shutdown initiated...
2022-12-06 07:49:21.417  INFO 17069 --- [restartedMain] com.zaxxer.hikari.HikariDataSource       : HikariPool-1 - Shutdown completed.
2022-12-06 07:49:21.418  INFO 17069 --- [restartedMain] o.apache.catalina.core.StandardService   : Stopping service [Tomcat]
2022-12-06 07:49:21.424  INFO 17069 --- [restartedMain] ConditionEvaluationReportLoggingListener : 

Error starting ApplicationContext. To display the conditions report re-run your application with 'debug' enabled.
2022-12-06 07:49:21.436 ERROR 17069 --- [restartedMain] o.s.b.d.LoggingFailureAnalysisReporter   : 

***************************
APPLICATION FAILED TO START
***************************

Description:

Field authService in com.teksystems.springboot.controller.IndexController required a bean of type 'security.AuthenticatedUserService' that could not be found.

The injection point has the following annotations:
	- @org.springframework.beans.factory.annotation.Autowired(required=true)


Action:

Consider defining a bean of type 'security.AuthenticatedUserService' in your configuration.

2022-12-06 07:52:59.769  INFO 17110 --- [restartedMain] c.t.springboot.SpringbootApplication     : Starting SpringbootApplication using Java 11.0.17 on MacBook-Air.lan with PID 17110 (/Users/therealdee_k/Java Class Example/springboot/target/classes started by therealdee_k in /Users/therealdee_k/Java Class Example/springboot)
2022-12-06 07:52:59.771 DEBUG 17110 --- [restartedMain] c.t.springboot.SpringbootApplication     : Running with Spring Boot v2.7.5, Spring v5.3.23
2022-12-06 07:52:59.771  INFO 17110 --- [restartedMain] c.t.springboot.SpringbootApplication     : No active profile set, falling back to 1 default profile: "default"
2022-12-06 07:52:59.806  INFO 17110 --- [restartedMain] .e.DevToolsPropertyDefaultsPostProcessor : Devtools property defaults active! Set 'spring.devtools.add-properties' to 'false' to disable
2022-12-06 07:52:59.807  INFO 17110 --- [restartedMain] .e.DevToolsPropertyDefaultsPostProcessor : For additional web related logging consider setting the 'logging.level.web' property to 'DEBUG'
2022-12-06 07:53:00.190  INFO 17110 --- [restartedMain] .s.d.r.c.RepositoryConfigurationDelegate : Bootstrapping Spring Data JPA repositories in DEFAULT mode.
2022-12-06 07:53:00.220  INFO 17110 --- [restartedMain] .s.d.r.c.RepositoryConfigurationDelegate : Finished Spring Data repository scanning in 26 ms. Found 3 JPA repository interfaces.
2022-12-06 07:53:00.583  INFO 17110 --- [restartedMain] o.s.b.w.embedded.tomcat.TomcatWebServer  : Tomcat initialized with port(s): 8080 (http)
2022-12-06 07:53:00.590  INFO 17110 --- [restartedMain] o.apache.catalina.core.StandardService   : Starting service [Tomcat]
2022-12-06 07:53:00.590  INFO 17110 --- [restartedMain] org.apache.catalina.core.StandardEngine  : Starting Servlet engine: [Apache Tomcat/9.0.68]
2022-12-06 07:53:00.704  INFO 17110 --- [restartedMain] org.apache.jasper.servlet.TldScanner     : At least one JAR was scanned for TLDs yet contained no TLDs. Enable debug logging for this logger for a complete list of JARs that were scanned but no TLDs were found in them. Skipping unneeded JARs during scanning can improve startup time and JSP compilation time.
2022-12-06 07:53:00.710  INFO 17110 --- [restartedMain] o.a.c.c.C.[Tomcat].[localhost].[/]       : Initializing Spring embedded WebApplicationContext
2022-12-06 07:53:00.710  INFO 17110 --- [restartedMain] w.s.c.ServletWebServerApplicationContext : Root WebApplicationContext: initialization completed in 903 ms
2022-12-06 07:53:00.793  INFO 17110 --- [restartedMain] o.hibernate.jpa.internal.util.LogHelper  : HHH000204: Processing PersistenceUnitInfo [name: default]
2022-12-06 07:53:00.823  INFO 17110 --- [restartedMain] org.hibernate.Version                    : HHH000412: Hibernate ORM core version 5.6.12.Final
2022-12-06 07:53:00.915  INFO 17110 --- [restartedMain] o.hibernate.annotations.common.Version   : HCANN000001: Hibernate Commons Annotations {5.1.2.Final}
2022-12-06 07:53:00.964  INFO 17110 --- [restartedMain] com.zaxxer.hikari.HikariDataSource       : HikariPool-1 - Starting...
2022-12-06 07:53:01.150  INFO 17110 --- [restartedMain] com.zaxxer.hikari.HikariDataSource       : HikariPool-1 - Start completed.
2022-12-06 07:53:01.164  INFO 17110 --- [restartedMain] org.hibernate.dialect.Dialect            : HHH000400: Using dialect: org.hibernate.dialect.MySQLDialect
2022-12-06 07:53:01.496  INFO 17110 --- [restartedMain] o.h.e.t.j.p.i.JtaPlatformInitiator       : HHH000490: Using JtaPlatform implementation: [org.hibernate.engine.transaction.jta.platform.internal.NoJtaPlatform]
2022-12-06 07:53:01.502  INFO 17110 --- [restartedMain] j.LocalContainerEntityManagerFactoryBean : Initialized JPA EntityManagerFactory for persistence unit 'default'
2022-12-06 07:53:01.525  WARN 17110 --- [restartedMain] JpaBaseConfiguration$JpaWebConfiguration : spring.jpa.open-in-view is enabled by default. Therefore, database queries may be performed during view rendering. Explicitly configure spring.jpa.open-in-view to disable this warning
2022-12-06 07:53:01.808  WARN 17110 --- [restartedMain] ConfigServletWebServerApplicationContext : Exception encountered during context initialization - cancelling refresh attempt: org.springframework.beans.factory.UnsatisfiedDependencyException: Error creating bean with name 'indexController': Unsatisfied dependency expressed through field 'authService'; nested exception is org.springframework.beans.factory.NoSuchBeanDefinitionException: No qualifying bean of type 'security.AuthenticatedUserService' available: expected at least 1 bean which qualifies as autowire candidate. Dependency annotations: {@org.springframework.beans.factory.annotation.Autowired(required=true)}
2022-12-06 07:53:01.809  INFO 17110 --- [restartedMain] j.LocalContainerEntityManagerFactoryBean : Closing JPA EntityManagerFactory for persistence unit 'default'
2022-12-06 07:53:01.810  INFO 17110 --- [restartedMain] com.zaxxer.hikari.HikariDataSource       : HikariPool-1 - Shutdown initiated...
2022-12-06 07:53:01.820  INFO 17110 --- [restartedMain] com.zaxxer.hikari.HikariDataSource       : HikariPool-1 - Shutdown completed.
2022-12-06 07:53:01.821  INFO 17110 --- [restartedMain] o.apache.catalina.core.StandardService   : Stopping service [Tomcat]
2022-12-06 07:53:01.827  INFO 17110 --- [restartedMain] ConditionEvaluationReportLoggingListener : 

Error starting ApplicationContext. To display the conditions report re-run your application with 'debug' enabled.
2022-12-06 07:53:01.838 ERROR 17110 --- [restartedMain] o.s.b.d.LoggingFailureAnalysisReporter   : 

***************************
APPLICATION FAILED TO START
***************************

Description:

Field authService in com.teksystems.springboot.controller.IndexController required a bean of type 'security.AuthenticatedUserService' that could not be found.

The injection point has the following annotations:
	- @org.springframework.beans.factory.annotation.Autowired(required=true)


Action:

Consider defining a bean of type 'security.AuthenticatedUserService' in your configuration.

2022-12-06 07:54:43.987  INFO 17171 --- [restartedMain] c.t.springboot.SpringbootApplication     : Starting SpringbootApplication using Java 11.0.17 on MacBook-Air.lan with PID 17171 (/Users/therealdee_k/Java Class Example/springboot/target/classes started by therealdee_k in /Users/therealdee_k/Java Class Example/springboot)
2022-12-06 07:54:43.987 DEBUG 17171 --- [restartedMain] c.t.springboot.SpringbootApplication     : Running with Spring Boot v2.7.5, Spring v5.3.23
2022-12-06 07:54:43.988  INFO 17171 --- [restartedMain] c.t.springboot.SpringbootApplication     : No active profile set, falling back to 1 default profile: "default"
2022-12-06 07:54:44.013  INFO 17171 --- [restartedMain] .e.DevToolsPropertyDefaultsPostProcessor : Devtools property defaults active! Set 'spring.devtools.add-properties' to 'false' to disable
2022-12-06 07:54:44.013  INFO 17171 --- [restartedMain] .e.DevToolsPropertyDefaultsPostProcessor : For additional web related logging consider setting the 'logging.level.web' property to 'DEBUG'
2022-12-06 07:54:44.379  INFO 17171 --- [restartedMain] .s.d.r.c.RepositoryConfigurationDelegate : Bootstrapping Spring Data JPA repositories in DEFAULT mode.
2022-12-06 07:54:44.406  INFO 17171 --- [restartedMain] .s.d.r.c.RepositoryConfigurationDelegate : Finished Spring Data repository scanning in 23 ms. Found 3 JPA repository interfaces.
2022-12-06 07:54:44.776  INFO 17171 --- [restartedMain] o.s.b.w.embedded.tomcat.TomcatWebServer  : Tomcat initialized with port(s): 8080 (http)
2022-12-06 07:54:44.784  INFO 17171 --- [restartedMain] o.apache.catalina.core.StandardService   : Starting service [Tomcat]
2022-12-06 07:54:44.784  INFO 17171 --- [restartedMain] org.apache.catalina.core.StandardEngine  : Starting Servlet engine: [Apache Tomcat/9.0.68]
2022-12-06 07:54:44.900  INFO 17171 --- [restartedMain] org.apache.jasper.servlet.TldScanner     : At least one JAR was scanned for TLDs yet contained no TLDs. Enable debug logging for this logger for a complete list of JARs that were scanned but no TLDs were found in them. Skipping unneeded JARs during scanning can improve startup time and JSP compilation time.
2022-12-06 07:54:44.906  INFO 17171 --- [restartedMain] o.a.c.c.C.[Tomcat].[localhost].[/]       : Initializing Spring embedded WebApplicationContext
2022-12-06 07:54:44.906  INFO 17171 --- [restartedMain] w.s.c.ServletWebServerApplicationContext : Root WebApplicationContext: initialization completed in 893 ms
2022-12-06 07:54:44.997  INFO 17171 --- [restartedMain] o.hibernate.jpa.internal.util.LogHelper  : HHH000204: Processing PersistenceUnitInfo [name: default]
2022-12-06 07:54:45.027  INFO 17171 --- [restartedMain] org.hibernate.Version                    : HHH000412: Hibernate ORM core version 5.6.12.Final
2022-12-06 07:54:45.124  INFO 17171 --- [restartedMain] o.hibernate.annotations.common.Version   : HCANN000001: Hibernate Commons Annotations {5.1.2.Final}
2022-12-06 07:54:45.173  INFO 17171 --- [restartedMain] com.zaxxer.hikari.HikariDataSource       : HikariPool-1 - Starting...
2022-12-06 07:54:45.357  INFO 17171 --- [restartedMain] com.zaxxer.hikari.HikariDataSource       : HikariPool-1 - Start completed.
2022-12-06 07:54:45.368  INFO 17171 --- [restartedMain] org.hibernate.dialect.Dialect            : HHH000400: Using dialect: org.hibernate.dialect.MySQLDialect
2022-12-06 07:54:45.708  INFO 17171 --- [restartedMain] o.h.e.t.j.p.i.JtaPlatformInitiator       : HHH000490: Using JtaPlatform implementation: [org.hibernate.engine.transaction.jta.platform.internal.NoJtaPlatform]
2022-12-06 07:54:45.713  INFO 17171 --- [restartedMain] j.LocalContainerEntityManagerFactoryBean : Initialized JPA EntityManagerFactory for persistence unit 'default'
2022-12-06 07:54:45.736  WARN 17171 --- [restartedMain] JpaBaseConfiguration$JpaWebConfiguration : spring.jpa.open-in-view is enabled by default. Therefore, database queries may be performed during view rendering. Explicitly configure spring.jpa.open-in-view to disable this warning
2022-12-06 07:54:46.041  WARN 17171 --- [restartedMain] ConfigServletWebServerApplicationContext : Exception encountered during context initialization - cancelling refresh attempt: org.springframework.beans.factory.UnsatisfiedDependencyException: Error creating bean with name 'indexController': Unsatisfied dependency expressed through field 'authService'; nested exception is org.springframework.beans.factory.NoSuchBeanDefinitionException: No qualifying bean of type 'security.AuthenticatedUserService' available: expected at least 1 bean which qualifies as autowire candidate. Dependency annotations: {@org.springframework.beans.factory.annotation.Autowired(required=true)}
2022-12-06 07:54:46.041  INFO 17171 --- [restartedMain] j.LocalContainerEntityManagerFactoryBean : Closing JPA EntityManagerFactory for persistence unit 'default'
2022-12-06 07:54:46.043  INFO 17171 --- [restartedMain] com.zaxxer.hikari.HikariDataSource       : HikariPool-1 - Shutdown initiated...
2022-12-06 07:54:46.052  INFO 17171 --- [restartedMain] com.zaxxer.hikari.HikariDataSource       : HikariPool-1 - Shutdown completed.
2022-12-06 07:54:46.053  INFO 17171 --- [restartedMain] o.apache.catalina.core.StandardService   : Stopping service [Tomcat]
2022-12-06 07:54:46.059  INFO 17171 --- [restartedMain] ConditionEvaluationReportLoggingListener : 

Error starting ApplicationContext. To display the conditions report re-run your application with 'debug' enabled.
2022-12-06 07:54:46.070 ERROR 17171 --- [restartedMain] o.s.b.d.LoggingFailureAnalysisReporter   : 

***************************
APPLICATION FAILED TO START
***************************

Description:

Field authService in com.teksystems.springboot.controller.IndexController required a bean of type 'security.AuthenticatedUserService' that could not be found.

The injection point has the following annotations:
	- @org.springframework.beans.factory.annotation.Autowired(required=true)


Action:

Consider defining a bean of type 'security.AuthenticatedUserService' in your configuration.

2022-12-06 07:56:45.031  INFO 17236 --- [restartedMain] c.t.springboot.SpringbootApplication     : Starting SpringbootApplication using Java 11.0.17 on MacBook-Air.lan with PID 17236 (/Users/therealdee_k/Java Class Example/springboot/target/classes started by therealdee_k in /Users/therealdee_k/Java Class Example/springboot)
2022-12-06 07:56:45.032 DEBUG 17236 --- [restartedMain] c.t.springboot.SpringbootApplication     : Running with Spring Boot v2.7.5, Spring v5.3.23
2022-12-06 07:56:45.032  INFO 17236 --- [restartedMain] c.t.springboot.SpringbootApplication     : No active profile set, falling back to 1 default profile: "default"
2022-12-06 07:56:45.066  INFO 17236 --- [restartedMain] .e.DevToolsPropertyDefaultsPostProcessor : Devtools property defaults active! Set 'spring.devtools.add-properties' to 'false' to disable
2022-12-06 07:56:45.066  INFO 17236 --- [restartedMain] .e.DevToolsPropertyDefaultsPostProcessor : For additional web related logging consider setting the 'logging.level.web' property to 'DEBUG'
2022-12-06 07:56:45.472  INFO 17236 --- [restartedMain] .s.d.r.c.RepositoryConfigurationDelegate : Bootstrapping Spring Data JPA repositories in DEFAULT mode.
2022-12-06 07:56:45.505  INFO 17236 --- [restartedMain] .s.d.r.c.RepositoryConfigurationDelegate : Finished Spring Data repository scanning in 28 ms. Found 3 JPA repository interfaces.
2022-12-06 07:56:45.895  INFO 17236 --- [restartedMain] o.s.b.w.embedded.tomcat.TomcatWebServer  : Tomcat initialized with port(s): 8080 (http)
2022-12-06 07:56:45.902  INFO 17236 --- [restartedMain] o.apache.catalina.core.StandardService   : Starting service [Tomcat]
2022-12-06 07:56:45.902  INFO 17236 --- [restartedMain] org.apache.catalina.core.StandardEngine  : Starting Servlet engine: [Apache Tomcat/9.0.68]
2022-12-06 07:56:46.016  INFO 17236 --- [restartedMain] org.apache.jasper.servlet.TldScanner     : At least one JAR was scanned for TLDs yet contained no TLDs. Enable debug logging for this logger for a complete list of JARs that were scanned but no TLDs were found in them. Skipping unneeded JARs during scanning can improve startup time and JSP compilation time.
2022-12-06 07:56:46.022  INFO 17236 --- [restartedMain] o.a.c.c.C.[Tomcat].[localhost].[/]       : Initializing Spring embedded WebApplicationContext
2022-12-06 07:56:46.022  INFO 17236 --- [restartedMain] w.s.c.ServletWebServerApplicationContext : Root WebApplicationContext: initialization completed in 956 ms
2022-12-06 07:56:46.119  INFO 17236 --- [restartedMain] o.hibernate.jpa.internal.util.LogHelper  : HHH000204: Processing PersistenceUnitInfo [name: default]
2022-12-06 07:56:46.153  INFO 17236 --- [restartedMain] org.hibernate.Version                    : HHH000412: Hibernate ORM core version 5.6.12.Final
2022-12-06 07:56:46.253  INFO 17236 --- [restartedMain] o.hibernate.annotations.common.Version   : HCANN000001: Hibernate Commons Annotations {5.1.2.Final}
2022-12-06 07:56:46.303  INFO 17236 --- [restartedMain] com.zaxxer.hikari.HikariDataSource       : HikariPool-1 - Starting...
2022-12-06 07:56:46.497  INFO 17236 --- [restartedMain] com.zaxxer.hikari.HikariDataSource       : HikariPool-1 - Start completed.
2022-12-06 07:56:46.507  INFO 17236 --- [restartedMain] org.hibernate.dialect.Dialect            : HHH000400: Using dialect: org.hibernate.dialect.MySQLDialect
2022-12-06 07:56:46.859  INFO 17236 --- [restartedMain] o.h.e.t.j.p.i.JtaPlatformInitiator       : HHH000490: Using JtaPlatform implementation: [org.hibernate.engine.transaction.jta.platform.internal.NoJtaPlatform]
2022-12-06 07:56:46.864  INFO 17236 --- [restartedMain] j.LocalContainerEntityManagerFactoryBean : Initialized JPA EntityManagerFactory for persistence unit 'default'
2022-12-06 07:56:46.887  WARN 17236 --- [restartedMain] JpaBaseConfiguration$JpaWebConfiguration : spring.jpa.open-in-view is enabled by default. Therefore, database queries may be performed during view rendering. Explicitly configure spring.jpa.open-in-view to disable this warning
2022-12-06 07:56:47.311  INFO 17236 --- [restartedMain] o.s.s.web.DefaultSecurityFilterChain     : Will secure any request with [org.springframework.security.web.session.DisableEncodeUrlFilter@3a9676e3, org.springframework.security.web.context.request.async.WebAsyncManagerIntegrationFilter@23d5e855, org.springframework.security.web.context.SecurityContextPersistenceFilter@a0c77fa, org.springframework.security.web.header.HeaderWriterFilter@5d17bc23, org.springframework.security.web.authentication.logout.LogoutFilter@7e5deb31, org.springframework.security.web.authentication.UsernamePasswordAuthenticationFilter@7438bad, org.springframework.security.web.savedrequest.RequestCacheAwareFilter@139b2859, org.springframework.security.web.servletapi.SecurityContextHolderAwareRequestFilter@133d121b, org.springframework.security.web.authentication.AnonymousAuthenticationFilter@7e2d2f9f, org.springframework.security.web.session.SessionManagementFilter@192bb27a, org.springframework.security.web.access.ExceptionTranslationFilter@6440c8, org.springframework.security.web.access.intercept.FilterSecurityInterceptor@580f54d2]
2022-12-06 07:56:47.423  INFO 17236 --- [restartedMain] o.s.b.a.w.s.WelcomePageHandlerMapping    : Adding welcome page template: index
2022-12-06 07:56:47.541  INFO 17236 --- [restartedMain] o.s.b.d.a.OptionalLiveReloadServer       : LiveReload server is running on port 35729
2022-12-06 07:56:47.573  INFO 17236 --- [restartedMain] o.s.b.w.embedded.tomcat.TomcatWebServer  : Tomcat started on port(s): 8080 (http) with context path ''
2022-12-06 07:56:47.581  INFO 17236 --- [restartedMain] c.t.springboot.SpringbootApplication     : Started SpringbootApplication in 2.779 seconds (JVM running for 3.054)
2022-12-06 07:56:53.945  INFO 17236 --- [SpringApplicationShutdownHook] j.LocalContainerEntityManagerFactoryBean : Closing JPA EntityManagerFactory for persistence unit 'default'
2022-12-06 07:56:53.948  INFO 17236 --- [SpringApplicationShutdownHook] com.zaxxer.hikari.HikariDataSource       : HikariPool-1 - Shutdown initiated...
2022-12-06 07:56:53.954  INFO 17236 --- [SpringApplicationShutdownHook] com.zaxxer.hikari.HikariDataSource       : HikariPool-1 - Shutdown completed.
